<?xml version="1.0" encoding="UTF-8"?>
<!-- Generated by org.testng.reporters.JUnitXMLReporter -->
<testsuite ignored="0" hostname="ATMECSBLRLT-036" failures="0" tests="3" name="FireFoxTest" time="475.826" errors="0" timestamp="2020-12-14T18:29:55 IST">
  <testcase classname="com.atmecs.assessment.openmrs.test.ValidatePatient" name="demoTest" time="7.126"/>
  <testcase classname="com.atmecs.assessment.openmrs.test.MergePatientRecords" name="demoTest" time="199.567"/>
  <testcase classname="com.atmecs.assessment.openmrs.test.MergePatientRecords" name="demoTest" time="200.725"/>
</testsuite> <!-- FireFoxTest -->
