<?xml version="1.0" encoding="UTF-8"?>
<testsuite xmlns:xsi="http://www.w3.org/2001/XMLSchema-instance" xsi:noNamespaceSchemaLocation="https://maven.apache.org/surefire/maven-surefire-plugin/xsd/surefire-test-report-3.0.xsd" version="3.0" name="TestSuite" time="476.864" tests="3" errors="0" skipped="0" failures="0">
  <properties>
[...]
</properties>
  <testcase name="demoTest[Admin, Admin123, 100J51](1)" classname="com.atmecs.assessment.openmrs.test.ValidatePatient" time="7.131">
    <system-out><![CDATA[rowCount= 1
columnCount =3
TEST EXECUTION BEGINS...
]]></system-out>
    <system-err><![CDATA[1607950321236	geckodriver	INFO	Listening on 127.0.0.1:46523
1607950321731	mozrunner::runner	INFO	Running command: "C:\\Program Files\\Mozilla Firefox\\firefox.exe" "--marionette" "-foreground" "-no-remote" "-profile" "C:\\Users\\PADMAP~1.I\\AppData\\Local\\Temp\\rust_mozprofilePYqh1w"
Can't find symbol 'eglSwapBuffersWithDamageEXT'.
Can't find symbol 'eglSetDamageRegionKHR'.
JavaScript error: resource://gre/modules/XULStore.jsm, line 66: Error: Can't find profile directory.
console.warn: SearchSettings: "get: No settings file exists, new profile?" (new Error("", "(unknown module)"))
1607950342061	Marionette	INFO	Listening on port 59504
1607950342567	Marionette	WARN	TLS certificate errors will be ignored for this session
Dec 14, 2020 6:22:22 PM org.openqa.selenium.remote.ProtocolHandshake createSession
INFO: Detected dialect: W3C
JavaScript error: resource://gre/modules/XULStore.jsm, line 66: Error: Can't find profile directory.
JavaScript error: resource://gre/modules/XULStore.jsm, line 66: Error: Can't find profile directory.
JavaScript error: resource://gre/modules/XULStore.jsm, line 66: Error: Can't find profile directory.
JavaScript error: resource://gre/modules/XULStore.jsm, line 66: Error: Can't find profile directory.
JavaScript error: resource://gre/modules/XULStore.jsm, line 66: Error: Can't find profile directory.
JavaScript error: resource://gre/modules/XULStore.jsm, line 66: Error: Can't find profile directory.
log4j:ERROR Could not find value for key log4j.appender.INFO
log4j:ERROR Could not instantiate appender named "INFO".
log4j:WARN No appenders could be found for logger (com.atmecs.assessment.openmrs.test.ValidatePatient).
log4j:WARN Please initialize the log4j system properly.
log4j:WARN See http://logging.apache.org/log4j/1.2/faq.html#noconfig for more info.
JavaScript warning: https://demo.openmrs.org/openmrs/ms/uiframework/resource/uicommons/scripts/moment-with-locales.min.js?cache=1607864612252, line 1: unreachable code after return statement
]]></system-err>
  </testcase>
  <testcase name="demoTest[Admin, Admin123, Padmapriya, Deepan, Female, 14, November, 1998, Vetri nagar, Chennai, TN, India, 600082, 98765457, Parent, abc](1)" classname="com.atmecs.assessment.openmrs.test.MergePatientRecords" time="199.559">
    <system-out><![CDATA[Test execution begins..
rowCount= 2
columnCount =16
TEST EXECUTION BEGINS...
]]></system-out>
    <system-err><![CDATA[1607950356676	Marionette	INFO	Stopped listening on port 59504

###!!! [Child][MessageChannel::SendAndWait] Error: Channel error: cannot send/recv

1607950364941	geckodriver	INFO	Listening on 127.0.0.1:29341
1607950365404	mozrunner::runner	INFO	Running command: "C:\\Program Files\\Mozilla Firefox\\firefox.exe" "--marionette" "-foreground" "-no-remote" "-profile" "C:\\Users\\PADMAP~1.I\\AppData\\Local\\Temp\\rust_mozprofileQGG6uN"
Can't find symbol 'eglSwapBuffersWithDamageEXT'.
Can't find symbol 'eglSetDamageRegionKHR'.
JavaScript error: resource://gre/modules/XULStore.jsm, line 66: Error: Can't find profile directory.
console.warn: SearchSettings: "get: No settings file exists, new profile?" (new Error("", "(unknown module)"))
1607950372574	Marionette	INFO	Listening on port 59639
1607950372838	Marionette	WARN	TLS certificate errors will be ignored for this session
Dec 14, 2020 6:22:53 PM org.openqa.selenium.remote.ProtocolHandshake createSession
INFO: Detected dialect: W3C
JavaScript warning: https://demo.openmrs.org/openmrs/ms/uiframework/resource/uicommons/scripts/moment.min.js?cache=1607864612252, line 6: unreachable code after return statement
JavaScript error: https://demo.openmrs.org/openmrs/ms/uiframework/resource/uicommons/scripts/jquery-1.12.4.min.js?cache=1607864612252, line 4: SyntaxError: JSON.parse: unexpected end of data at line 1 column 1 of the JSON data
JavaScript error: https://demo.openmrs.org/openmrs/ms/uiframework/resource/uicommons/scripts/jquery-1.12.4.min.js?cache=1607864612252, line 4: SyntaxError: JSON.parse: unexpected end of data at line 1 column 1 of the JSON data
JavaScript error: https://demo.openmrs.org/openmrs/ms/uiframework/resource/uicommons/scripts/jquery-1.12.4.min.js?cache=1607864612252, line 4: SyntaxError: JSON.parse: unexpected end of data at line 1 column 1 of the JSON data
JavaScript error: https://demo.openmrs.org/openmrs/ms/uiframework/resource/uicommons/scripts/jquery-1.12.4.min.js?cache=1607864612252, line 4: SyntaxError: JSON.parse: unexpected end of data at line 1 column 1 of the JSON data
JavaScript warning: https://demo.openmrs.org/openmrs/ms/uiframework/resource/uicommons/scripts/moment-with-locales.min.js?cache=1607864612252, line 1: unreachable code after return statement
JavaScript warning: https://demo.openmrs.org/openmrs/ms/uiframework/resource/uicommons/scripts/moment.min.js?cache=1607864612252, line 6: unreachable code after return statement
JavaScript warning: https://demo.openmrs.org/openmrs/ms/uiframework/resource/uicommons/scripts/moment-with-locales.min.js?cache=1607864612252, line 1: unreachable code after return statement
JavaScript warning: https://demo.openmrs.org/openmrs/ms/uiframework/resource/uicommons/scripts/moment-with-locales.min.js?cache=1607864612252, line 1: unreachable code after return statement
]]></system-err>
  </testcase>
  <testcase name="demoTest[Admin, Admin123, Aadhi, Raj, Male, 16, December, 1990, Dwaraka nagar, Bangalore, Karnataka, India, 65888, 98764578, Parent, xyz](2)" classname="com.atmecs.assessment.openmrs.test.MergePatientRecords" time="200.721">
    <system-out><![CDATA[Test execution begins..
TEST EXECUTION BEGINS...
]]></system-out>
    <system-err><![CDATA[1607950580570	Marionette	INFO	Stopped listening on port 59639

###!!! [Child][RunMessage] Error: Channel closing: too late to send/recv, messages will be lost


###!!! [Child][MessageChannel::SendAndWait] Error: Channel error: cannot send/recv

1607950582327	geckodriver	INFO	Listening on 127.0.0.1:38430
1607950582719	mozrunner::runner	INFO	Running command: "C:\\Program Files\\Mozilla Firefox\\firefox.exe" "--marionette" "-foreground" "-no-remote" "-profile" "C:\\Users\\PADMAP~1.I\\AppData\\Local\\Temp\\rust_mozprofilectXNtE"
Can't find symbol 'eglSwapBuffersWithDamageEXT'.
Can't find symbol 'eglSetDamageRegionKHR'.
JavaScript error: resource://gre/modules/XULStore.jsm, line 66: Error: Can't find profile directory.
console.warn: SearchSettings: "get: No settings file exists, new profile?" (new Error("", "(unknown module)"))
1607950585786	Marionette	INFO	Listening on port 59927
1607950586085	Marionette	WARN	TLS certificate errors will be ignored for this session
Dec 14, 2020 6:26:26 PM org.openqa.selenium.remote.ProtocolHandshake createSession
INFO: Detected dialect: W3C
JavaScript warning: https://demo.openmrs.org/openmrs/ms/uiframework/resource/uicommons/scripts/moment.min.js?cache=1607864612252, line 6: unreachable code after return statement
JavaScript error: https://demo.openmrs.org/openmrs/ms/uiframework/resource/uicommons/scripts/jquery-1.12.4.min.js?cache=1607864612252, line 4: SyntaxError: JSON.parse: unexpected end of data at line 1 column 1 of the JSON data
JavaScript error: https://demo.openmrs.org/openmrs/ms/uiframework/resource/uicommons/scripts/jquery-1.12.4.min.js?cache=1607864612252, line 4: SyntaxError: JSON.parse: unexpected end of data at line 1 column 1 of the JSON data
JavaScript error: https://demo.openmrs.org/openmrs/ms/uiframework/resource/uicommons/scripts/jquery-1.12.4.min.js?cache=1607864612252, line 4: SyntaxError: JSON.parse: unexpected end of data at line 1 column 1 of the JSON data
JavaScript error: https://demo.openmrs.org/openmrs/ms/uiframework/resource/uicommons/scripts/jquery-1.12.4.min.js?cache=1607864612252, line 4: SyntaxError: JSON.parse: unexpected end of data at line 1 column 1 of the JSON data
JavaScript warning: https://demo.openmrs.org/openmrs/ms/uiframework/resource/uicommons/scripts/moment-with-locales.min.js?cache=1607864612252, line 1: unreachable code after return statement
JavaScript warning: https://demo.openmrs.org/openmrs/ms/uiframework/resource/uicommons/scripts/moment.min.js?cache=1607864612252, line 6: unreachable code after return statement
JavaScript warning: https://demo.openmrs.org/openmrs/ms/uiframework/resource/uicommons/scripts/moment-with-locales.min.js?cache=1607864612252, line 1: unreachable code after return statement
JavaScript warning: https://demo.openmrs.org/openmrs/ms/uiframework/resource/uicommons/scripts/moment-with-locales.min.js?cache=1607864612252, line 1: unreachable code after return statement
]]></system-err>
  </testcase>
</testsuite>