<?xml version="1.0" encoding="UTF-8"?>
<testng-results ignored="0" total="3" passed="3" failed="0" skipped="0">
  <reporter-output>
  </reporter-output>
  <suite started-at="2020-12-14T18:21:59 IST" name="TestSuite" finished-at="2020-12-14T18:29:55 IST" duration-ms="475826">
    <groups>
    </groups>
    <test started-at="2020-12-14T18:21:59 IST" name="ChromeTest" finished-at="2020-12-14T18:21:59 IST" duration-ms="15">
    </test> <!-- ChromeTest -->
    <test started-at="2020-12-14T18:21:59 IST" name="FireFoxTest" finished-at="2020-12-14T18:29:55 IST" duration-ms="475826">
      <class name="com.atmecs.assessment.openmrs.test.MergePatientRecords">
        <test-method is-config="true" signature="beforeTest(java.lang.String)[pri:0, instance:com.atmecs.assessment.openmrs.test.MergePatientRecords@7ea37dbf]" started-at="2020-12-14T18:22:44 IST" name="beforeTest" finished-at="2020-12-14T18:23:00 IST" duration-ms="16666" status="PASS">
          <params>
            <param index="0">
              <value>
                <![CDATA[Firefox]]>
              </value>
            </param>
          </params>
          <reporter-output>
          </reporter-output>
        </test-method> <!-- beforeTest -->
        <test-method signature="demoTest(java.lang.String, java.lang.String, java.lang.String, java.lang.String, java.lang.String, java.lang.String, java.lang.String, java.lang.String, java.lang.String, java.lang.String, java.lang.String, java.lang.String, java.lang.String, java.lang.String, java.lang.String, java.lang.String)[pri:0, instance:com.atmecs.assessment.openmrs.test.MergePatientRecords@7ea37dbf]" started-at="2020-12-14T18:23:00 IST" name="demoTest" data-provider="Data" finished-at="2020-12-14T18:26:20 IST" duration-ms="199567" status="PASS">
          <params>
            <param index="0">
              <value>
                <![CDATA[Admin]]>
              </value>
            </param>
            <param index="1">
              <value>
                <![CDATA[Admin123]]>
              </value>
            </param>
            <param index="2">
              <value>
                <![CDATA[Padmapriya]]>
              </value>
            </param>
            <param index="3">
              <value>
                <![CDATA[Deepan]]>
              </value>
            </param>
            <param index="4">
              <value>
                <![CDATA[Female]]>
              </value>
            </param>
            <param index="5">
              <value>
                <![CDATA[14]]>
              </value>
            </param>
            <param index="6">
              <value>
                <![CDATA[November]]>
              </value>
            </param>
            <param index="7">
              <value>
                <![CDATA[1998]]>
              </value>
            </param>
            <param index="8">
              <value>
                <![CDATA[Vetri nagar]]>
              </value>
            </param>
            <param index="9">
              <value>
                <![CDATA[Chennai]]>
              </value>
            </param>
            <param index="10">
              <value>
                <![CDATA[TN]]>
              </value>
            </param>
            <param index="11">
              <value>
                <![CDATA[India]]>
              </value>
            </param>
            <param index="12">
              <value>
                <![CDATA[600082]]>
              </value>
            </param>
            <param index="13">
              <value>
                <![CDATA[98765457]]>
              </value>
            </param>
            <param index="14">
              <value>
                <![CDATA[Parent]]>
              </value>
            </param>
            <param index="15">
              <value>
                <![CDATA[abc]]>
              </value>
            </param>
          </params>
          <reporter-output>
          </reporter-output>
        </test-method> <!-- demoTest -->
        <test-method is-config="true" signature="afterTest(org.testng.ITestResult)[pri:0, instance:com.atmecs.assessment.openmrs.test.MergePatientRecords@7ea37dbf]" started-at="2020-12-14T18:26:20 IST" name="afterTest" finished-at="2020-12-14T18:26:22 IST" duration-ms="1574" status="PASS">
          <params>
            <param index="0">
              <value>
                <![CDATA[[TestResult name=demoTest status=SUCCESS method=MergePatientRecords.demoTest(java.lang.String, java.lang.String, java.lang.String, java.lang.String, java.lang.String, java.lang.String, java.lang.String, java.lang.String, java.lang.String, java.lang.String, java.lang.String, java.lang.String, java.lang.String, java.lang.String, java.lang.String, java.lang.String)[pri:0, instance:com.atmecs.assessment.openmrs.test.MergePatientRecords@7ea37dbf] output={null}]]]>
              </value>
            </param>
          </params>
          <reporter-output>
          </reporter-output>
        </test-method> <!-- afterTest -->
        <test-method is-config="true" signature="beforeTest(java.lang.String)[pri:0, instance:com.atmecs.assessment.openmrs.test.MergePatientRecords@7ea37dbf]" started-at="2020-12-14T18:26:22 IST" name="beforeTest" finished-at="2020-12-14T18:26:32 IST" duration-ms="10684" status="PASS">
          <params>
            <param index="0">
              <value>
                <![CDATA[Firefox]]>
              </value>
            </param>
          </params>
          <reporter-output>
          </reporter-output>
        </test-method> <!-- beforeTest -->
        <test-method signature="demoTest(java.lang.String, java.lang.String, java.lang.String, java.lang.String, java.lang.String, java.lang.String, java.lang.String, java.lang.String, java.lang.String, java.lang.String, java.lang.String, java.lang.String, java.lang.String, java.lang.String, java.lang.String, java.lang.String)[pri:0, instance:com.atmecs.assessment.openmrs.test.MergePatientRecords@7ea37dbf]" started-at="2020-12-14T18:26:32 IST" name="demoTest" data-provider="Data" finished-at="2020-12-14T18:29:53 IST" duration-ms="200725" status="PASS">
          <params>
            <param index="0">
              <value>
                <![CDATA[Admin]]>
              </value>
            </param>
            <param index="1">
              <value>
                <![CDATA[Admin123]]>
              </value>
            </param>
            <param index="2">
              <value>
                <![CDATA[Aadhi]]>
              </value>
            </param>
            <param index="3">
              <value>
                <![CDATA[Raj]]>
              </value>
            </param>
            <param index="4">
              <value>
                <![CDATA[Male]]>
              </value>
            </param>
            <param index="5">
              <value>
                <![CDATA[16]]>
              </value>
            </param>
            <param index="6">
              <value>
                <![CDATA[December]]>
              </value>
            </param>
            <param index="7">
              <value>
                <![CDATA[1990]]>
              </value>
            </param>
            <param index="8">
              <value>
                <![CDATA[Dwaraka nagar]]>
              </value>
            </param>
            <param index="9">
              <value>
                <![CDATA[Bangalore]]>
              </value>
            </param>
            <param index="10">
              <value>
                <![CDATA[Karnataka]]>
              </value>
            </param>
            <param index="11">
              <value>
                <![CDATA[India]]>
              </value>
            </param>
            <param index="12">
              <value>
                <![CDATA[65888]]>
              </value>
            </param>
            <param index="13">
              <value>
                <![CDATA[98764578]]>
              </value>
            </param>
            <param index="14">
              <value>
                <![CDATA[Parent]]>
              </value>
            </param>
            <param index="15">
              <value>
                <![CDATA[xyz]]>
              </value>
            </param>
          </params>
          <reporter-output>
          </reporter-output>
        </test-method> <!-- demoTest -->
        <test-method is-config="true" signature="afterTest(org.testng.ITestResult)[pri:0, instance:com.atmecs.assessment.openmrs.test.MergePatientRecords@7ea37dbf]" started-at="2020-12-14T18:29:53 IST" name="afterTest" finished-at="2020-12-14T18:29:55 IST" duration-ms="2206" status="PASS">
          <params>
            <param index="0">
              <value>
                <![CDATA[[TestResult name=demoTest status=SUCCESS method=MergePatientRecords.demoTest(java.lang.String, java.lang.String, java.lang.String, java.lang.String, java.lang.String, java.lang.String, java.lang.String, java.lang.String, java.lang.String, java.lang.String, java.lang.String, java.lang.String, java.lang.String, java.lang.String, java.lang.String, java.lang.String)[pri:0, instance:com.atmecs.assessment.openmrs.test.MergePatientRecords@7ea37dbf] output={null}]]]>
              </value>
            </param>
          </params>
          <reporter-output>
          </reporter-output>
        </test-method> <!-- afterTest -->
      </class> <!-- com.atmecs.assessment.openmrs.test.MergePatientRecords -->
      <class name="com.atmecs.assessment.openmrs.test.ValidatePatient">
        <test-method is-config="true" signature="beforeTest(java.lang.String)[pri:0, instance:com.atmecs.assessment.openmrs.test.ValidatePatient@2aa3cd93]" started-at="2020-12-14T18:22:00 IST" name="beforeTest" finished-at="2020-12-14T18:22:29 IST" duration-ms="29152" status="PASS">
          <params>
            <param index="0">
              <value>
                <![CDATA[Firefox]]>
              </value>
            </param>
          </params>
          <reporter-output>
          </reporter-output>
        </test-method> <!-- beforeTest -->
        <test-method signature="demoTest(java.lang.String, java.lang.String, java.lang.String)[pri:0, instance:com.atmecs.assessment.openmrs.test.ValidatePatient@2aa3cd93]" started-at="2020-12-14T18:22:29 IST" name="demoTest" data-provider="Data" finished-at="2020-12-14T18:22:36 IST" duration-ms="7126" status="PASS">
          <params>
            <param index="0">
              <value>
                <![CDATA[Admin]]>
              </value>
            </param>
            <param index="1">
              <value>
                <![CDATA[Admin123]]>
              </value>
            </param>
            <param index="2">
              <value>
                <![CDATA[100J51]]>
              </value>
            </param>
          </params>
          <reporter-output>
          </reporter-output>
        </test-method> <!-- demoTest -->
        <test-method is-config="true" signature="afterTest(org.testng.ITestResult)[pri:0, instance:com.atmecs.assessment.openmrs.test.ValidatePatient@2aa3cd93]" started-at="2020-12-14T18:22:36 IST" name="afterTest" finished-at="2020-12-14T18:22:44 IST" duration-ms="7660" status="PASS">
          <params>
            <param index="0">
              <value>
                <![CDATA[[TestResult name=demoTest status=SUCCESS method=ValidatePatient.demoTest(java.lang.String, java.lang.String, java.lang.String)[pri:0, instance:com.atmecs.assessment.openmrs.test.ValidatePatient@2aa3cd93] output={null}]]]>
              </value>
            </param>
          </params>
          <reporter-output>
          </reporter-output>
        </test-method> <!-- afterTest -->
      </class> <!-- com.atmecs.assessment.openmrs.test.ValidatePatient -->
    </test> <!-- FireFoxTest -->
  </suite> <!-- TestSuite -->
</testng-results>
